  main.cpp
c:\users\한지용\desktop\bst\searchtree.hpp : warning C4819: 현재 코드 페이지(949)에서 표시할 수 없는 문자가 파일에 들어 있습니다. 데이터가 손실되지 않게 하려면 해당 파일을 유니코드 형식으로 저장하십시오.
c:\users\한지용\desktop\bst\binarytree.hpp : warning C4819: 현재 코드 페이지(949)에서 표시할 수 없는 문자가 파일에 들어 있습니다. 데이터가 손실되지 않게 하려면 해당 파일을 유니코드 형식으로 저장하십시오.
c:\users\한지용\desktop\bst\searchtree.hpp(54): warning C4290: 함수가 __declspec(nothrow)가 아님을 나타내려는 경우를 제외하고 C++ 예외 사양은 무시됩니다.
  c:\users\한지용\desktop\bst\searchtree.hpp(101): note: 컴파일 중인 클래스 템플릿 인스턴스화 'SearchTree<E>'에 대한 참조를 확인하세요.
c:\users\한지용\desktop\bst\searchtree.hpp(140): warning C4290: 함수가 __declspec(nothrow)가 아님을 나타내려는 경우를 제외하고 C++ 예외 사양은 무시됩니다.
c:\users\한지용\desktop\bst\binarytree.hpp(217): warning C4244: '=': 'double'에서 'int'(으)로 변환하면서 데이터가 손실될 수 있습니다.
  c:\users\한지용\desktop\bst\binarytree.hpp(184): note: 클래스 템플릿 멤버 함수 'void LinkedBinaryTree<E>::printTree(void)'을(를) 컴파일하고 있습니다.
          with
          [
              E=Entry<int,int>
          ]
  c:\users\한지용\desktop\bst\searchtree.hpp(212): note: 컴파일 중인 함수 템플릿 인스턴스화 'void LinkedBinaryTree<E>::printTree(void)'에 대한 참조를 확인하십시오.
          with
          [
              E=Entry<int,int>
          ]
  c:\users\한지용\desktop\bst\searchtree.hpp(106): note: 클래스 템플릿 멤버 함수 'SearchTree<Entry<int,int>>::SearchTree(void)'을(를) 컴파일하고 있습니다.
  c:\users\한지용\desktop\bst\main.cpp(8): note: 컴파일 중인 함수 템플릿 인스턴스화 'SearchTree<Entry<int,int>>::SearchTree(void)'에 대한 참조를 확인하십시오.
  c:\users\한지용\desktop\bst\main.cpp(8): note: 컴파일 중인 클래스 템플릿 인스턴스화 'SearchTree<Entry<int,int>>'에 대한 참조를 확인하세요.
  HW4 exercise.vcxproj -> C:\Users\한지용\source\repos\HW4 exercise\Debug\HW4 exercise.exe
